-----TI-REX started at Sun Nov 05 2017 17:04:06 GMT+0100 (Europe de l’Ouest)
Sun, 05 Nov 2017 16:04:07 GMT connect deprecated methodOverride: use method-override npm module instead at app.js:488:21
: "IPv4",
        "mac": "00:02:c9:0b:74:33",
        "internal": false
    }
]
2017-11-05T16:04:06.418Z INFO DAEMON dinfra - [
    "multiple candidate address ignored",
    "Ethernet 2",
    {
        "address": "192.168.123.2",
        "netmask": "255.255.255.0",
        "family": "IPv4",
        "mac": "00:02:c9:0b:74:33",
        "internal": false
    }
]
2017-11-05T16:04:06.418Z INFO DAEMON dinfra - [
    "multiple candidate address ignored",
    "VMware Network Adapter VMnet1",
    {
        "address": "192.168.123.2",
        "netmask": "255.255.255.0",
        "family": "IPv4",
        "mac": "00:02:c9:0b:74:33",
        "internal": false
    }
]
2017-11-05T16:04:06.418Z INFO DAEMON dinfra - [
    "multiple candidate address ignored",
    "VMware Network Adapter VMnet8",
    {
        "address": "192.168.123.2",
        "netmask": "255.255.255.0",
        "family": "IPv4",
        "mac": "00:02:c9:0b:74:33",
        "internal": false
    }
]
-----TI-REX started at Sun Nov 05 2017 17:04:06 GMT+0100 (Europe de l’Ouest)
TIREX server listening on port 52659
